Performing C++ SOURCE FILE Test HAVE_ISO_STRDUP failed with the following output:
Change Dir: /Users/ndykyy/Desktop/uamp/build/CMakeFiles/CMakeTmp

Run Build Command(s):/usr/bin/make cmTC_dd293/fast && /Library/Developer/CommandLineTools/usr/bin/make  -f CMakeFiles/cmTC_dd293.dir/build.make CMakeFiles/cmTC_dd293.dir/build
Building CXX object CMakeFiles/cmTC_dd293.dir/src.cxx.o
/Library/Developer/CommandLineTools/usr/bin/c++   -DHAVE_ISO_STRDUP -isysroot /Library/Developer/CommandLineTools/SDKs/MacOSX10.14.sdk -o CMakeFiles/cmTC_dd293.dir/src.cxx.o -c /Users/ndykyy/Desktop/uamp/build/CMakeFiles/CMakeTmp/src.cxx
/Users/ndykyy/Desktop/uamp/build/CMakeFiles/CMakeTmp/src.cxx:4:5: error: use of undeclared identifier '_strdup'; did you mean 'strdup'?
    _strdup(0);
    ^~~~~~~
    strdup
/Library/Developer/CommandLineTools/SDKs/MacOSX10.14.sdk/usr/include/string.h:117:7: note: 'strdup' declared here
char    *strdup(const char *__s1);
         ^
1 error generated.
make[1]: *** [CMakeFiles/cmTC_dd293.dir/src.cxx.o] Error 1
make: *** [cmTC_dd293/fast] Error 2


Source file was:

  #include <cstring>
  int main() {
    _strdup(0);
    return 0;
  }

Determining if the function __RTTI___ exists in the Crun failed with the following output:
Change Dir: /Users/ndykyy/Desktop/uamp/build/CMakeFiles/CMakeTmp

Run Build Command(s):/usr/bin/make cmTC_cd4e2/fast && /Library/Developer/CommandLineTools/usr/bin/make  -f CMakeFiles/cmTC_cd4e2.dir/build.make CMakeFiles/cmTC_cd4e2.dir/build
Building C object CMakeFiles/cmTC_cd4e2.dir/CheckFunctionExists.c.o
/Library/Developer/CommandLineTools/usr/bin/cc   -DCHECK_FUNCTION_EXISTS=__RTTI___ -isysroot /Library/Developer/CommandLineTools/SDKs/MacOSX10.14.sdk -o CMakeFiles/cmTC_cd4e2.dir/CheckFunctionExists.c.o -c /Users/ndykyy/.brew/Cellar/cmake/3.18.4/share/cmake/Modules/CheckFunctionExists.c
Linking C executable cmTC_cd4e2
/Users/ndykyy/.brew/Cellar/cmake/3.18.4/bin/cmake -E cmake_link_script CMakeFiles/cmTC_cd4e2.dir/link.txt --verbose=1
/Library/Developer/CommandLineTools/usr/bin/cc  -DCHECK_FUNCTION_EXISTS=__RTTI___ -isysroot /Library/Developer/CommandLineTools/SDKs/MacOSX10.14.sdk -Wl,-search_paths_first -Wl,-headerpad_max_install_names CMakeFiles/cmTC_cd4e2.dir/CheckFunctionExists.c.o -o cmTC_cd4e2  -lCrun 
ld: library not found for -lCrun
clang: error: linker command failed with exit code 1 (use -v to see invocation)
make[1]: *** [cmTC_cd4e2] Error 1
make: *** [cmTC_cd4e2/fast] Error 2



